<?xml version="1.0" encoding="UTF-8"?>
<!-- Generated by org.testng.reporters.JUnitXMLReporter -->
<testsuite ignored="0" hostname="I22239" failures="0" tests="2" name="Orange HRM Base Test" time="0.386" errors="0" timestamp="2024-11-27T12:23:20 IST">
  <testcase classname="OrangeHRM.TestComponents.TestComponents" name="@BeforeTest launchApplication" time="0.015">
    <failure type="java.lang.NullPointerException" message="Cannot invoke &amp;quot;String.contains(java.lang.CharSequence)&amp;quot; because &amp;quot;browserName&amp;quot; is null">
      <![CDATA[java.lang.NullPointerException: Cannot invoke "String.contains(java.lang.CharSequence)" because "browserName" is null
at OrangeHRM.TestComponents.TestComponents.initializeDriver(TestComponents.java:38)
at OrangeHRM.TestComponents.TestComponents.launchApplication(TestComponents.java:58)
... Removed 24 stack frames]]>
    </failure>
  </testcase> <!-- @BeforeTest launchApplication -->
  <testcase classname="OrangeHRM.TestFolder.TestCaseOne" name="userLogin" time="0.0">
    <skipped/>
  </testcase> <!-- userLogin -->
  <testcase classname="OrangeHRM.TestFolder.TestCaseOne" name="userLogin" time="0.0">
    <skipped/>
  </testcase> <!-- userLogin -->
</testsuite> <!-- Orange HRM Base Test -->
