<?xml version="1.0" encoding="UTF-8"?>
<!-- Generated by org.testng.reporters.JUnitXMLReporter -->
<testsuite ignored="0" hostname="I22239" failures="0" tests="2" name="Orange HRM Base Test" time="0.391" errors="0" timestamp="2024-11-27T14:56:30 IST">
  <testcase classname="OrangeHRM.TestComponents.TestComponents" name="@BeforeTest launchApplication" time="0.026">
    <failure type="java.lang.NullPointerException" message="Cannot invoke &amp;quot;String.contains(java.lang.CharSequence)&amp;quot; because &amp;quot;browserName&amp;quot; is null">
      <![CDATA[java.lang.NullPointerException: Cannot invoke "String.contains(java.lang.CharSequence)" because "browserName" is null
at OrangeHRM.TestComponents.TestComponents.initializeDriver(TestComponents.java:40)
at OrangeHRM.TestComponents.TestComponents.launchApplication(TestComponents.java:60)
... Removed 26 stack frames]]>
    </failure>
  </testcase> <!-- @BeforeTest launchApplication -->
  <testcase classname="OrangeHRM.TestFolder.TestCaseOne" name="userLogin" time="0.0">
    <skipped/>
  </testcase> <!-- userLogin -->
  <testcase classname="OrangeHRM.TestFolder.TestCaseOne" name="userLogin" time="0.0">
    <skipped/>
  </testcase> <!-- userLogin -->
</testsuite> <!-- Orange HRM Base Test -->
